[debug] [2025-04-03T15:06:40.762Z] ----------------------------------------------------------------------
[debug] [2025-04-03T15:06:40.766Z] Command:       /usr/local/bin/node /usr/local/bin/firebase emulators:start --project my-firebase-project --only firestore,auth,storage,pubsub
[debug] [2025-04-03T15:06:40.767Z] CLI Version:   14.1.0
[debug] [2025-04-03T15:06:40.767Z] Platform:      linux
[debug] [2025-04-03T15:06:40.768Z] Node Version:  v22.14.0
[debug] [2025-04-03T15:06:40.768Z] Time:          Thu Apr 03 2025 15:06:40 GMT+0000 (Coordinated Universal Time)
[debug] [2025-04-03T15:06:40.768Z] Env Overrides: FIRESTORE_EMULATOR_HOST
[debug] [2025-04-03T15:06:40.769Z] ----------------------------------------------------------------------
[debug] 
[debug] [2025-04-03T15:06:40.773Z] >>> [apiv2][query] GET https://firebase-public.firebaseio.com/cli.json [none]
[debug] [2025-04-03T15:06:41.195Z] > command requires scopes: ["email","openid","https://www.googleapis.com/auth/cloudplatformprojects.readonly","https://www.googleapis.com/auth/firebase","https://www.googleapis.com/auth/cloud-platform"]
[debug] [2025-04-03T15:06:41.195Z] > authorizing via FIREBASE_TOKEN environment variable
[warn] ⚠  Authenticating with `FIREBASE_TOKEN` is deprecated and will be removed in a future major version of `firebase-tools`. Instead, use a service account key with `GOOGLE_APPLICATION_CREDENTIALS`: https://cloud.google.com/docs/authentication/getting-started 
[debug] [2025-04-03T15:06:41.248Z] openjdk version "17.0.14" 2025-01-21
OpenJDK Runtime Environment (build 17.0.14+7-alpine-r0)
OpenJDK 64-Bit Server VM (build 17.0.14+7-alpine-r0, mixed mode, sharing)

[debug] [2025-04-03T15:06:41.254Z] Parsed Java major version: 17
[info] i  emulators: Starting emulators: auth, firestore, pubsub, storage {"metadata":{"emulator":{"name":"hub"},"message":"Starting emulators: auth, firestore, pubsub, storage"}}
[debug] [2025-04-03T15:06:41.260Z] [logging] Logging Emulator only supports listening on one address (127.0.0.1). Not listening on ::1
[debug] [2025-04-03T15:06:41.260Z] assigned listening specs for emulators {"user":{"ui":[{"address":"0.0.0.0","family":"IPv4","port":4000}],"auth":[{"address":"0.0.0.0","family":"IPv4","port":9099}],"firestore":[{"address":"0.0.0.0","family":"IPv4","port":8080}],"firestore.websocket":[{"address":"0.0.0.0","family":"IPv4","port":9150}],"pubsub":[{"address":"0.0.0.0","family":"IPv4","port":8085}],"storage":[{"address":"0.0.0.0","family":"IPv4","port":9199}],"hub":[{"address":"127.0.0.1","family":"IPv4","port":4400},{"address":"::1","family":"IPv6","port":4400}],"logging":[{"address":"127.0.0.1","family":"IPv4","port":4500}]},"metadata":{"message":"assigned listening specs for emulators"}}
[debug] [2025-04-03T15:06:41.264Z] [hub] writing locator at /tmp/hub-my-firebase-project.json
[warn] ⚠  firestore: Cloud Firestore Emulator does not support multiple databases yet. {"metadata":{"emulator":{"name":"firestore"},"message":"Cloud Firestore Emulator does not support multiple databases yet."}}
[warn] ⚠  firestore: Did not find a Cloud Firestore rules file specified in a firebase.json config file. {"metadata":{"emulator":{"name":"firestore"},"message":"Did not find a Cloud Firestore rules file specified in a firebase.json config file."}}
[warn] ⚠  firestore: The emulator will default to allowing all reads and writes. Learn more about this option: https://firebase.google.com/docs/emulator-suite/install_and_configure#security_rules_configuration. {"metadata":{"emulator":{"name":"firestore"},"message":"The emulator will default to allowing all reads and writes. Learn more about this option: https://firebase.google.com/docs/emulator-suite/install_and_configure#security_rules_configuration."}}
[info] i  firestore: downloading cloud-firestore-emulator-v1.19.8.jar... {"metadata":{"emulator":{"name":"firestore"},"message":"downloading cloud-firestore-emulator-v1.19.8.jar..."}}
[debug] [2025-04-03T15:06:41.273Z] >>> [apiv2][query] GET https://storage.googleapis.com/firebase-preview-drop/emulator/cloud-firestore-emulator-v1.19.8.jar 
[debug] [2025-04-03T15:06:41.709Z] <<< [apiv2][status] GET https://storage.googleapis.com/firebase-preview-drop/emulator/cloud-firestore-emulator-v1.19.8.jar 200
[debug] [2025-04-03T15:06:41.709Z] <<< [apiv2][body] GET https://storage.googleapis.com/firebase-preview-drop/emulator/cloud-firestore-emulator-v1.19.8.jar [stream]
[debug] [2025-04-03T15:06:41.792Z] <<< [apiv2][status] GET https://firebase-public.firebaseio.com/cli.json 200
[debug] [2025-04-03T15:06:41.792Z] <<< [apiv2][body] GET https://firebase-public.firebaseio.com/cli.json {"cloudBuildErrorAfter":1594252800000,"cloudBuildWarnAfter":1590019200000,"defaultNode10After":1594252800000,"minVersion":"3.0.5","node8DeploysDisabledAfter":1613390400000,"node8RuntimeDisabledAfter":1615809600000,"node8WarnAfter":1600128000000}
[debug] [2025-04-03T15:06:47.342Z] Ignoring unsupported arg: auto_download {"metadata":{"emulator":{"name":"firestore"},"message":"Ignoring unsupported arg: auto_download"}}
[debug] [2025-04-03T15:06:47.343Z] Ignoring unsupported arg: single_project_mode_error {"metadata":{"emulator":{"name":"firestore"},"message":"Ignoring unsupported arg: single_project_mode_error"}}
[debug] [2025-04-03T15:06:47.343Z] Starting Firestore Emulator with command {"binary":"java","args":["-Dgoogle.cloud_firestore.debug_log_level=FINE","-Duser.language=en","-jar","/root/.cache/firebase/emulators/cloud-firestore-emulator-v1.19.8.jar","--host","0.0.0.0","--port",8080,"--websocket_port",9150,"--project_id","my-firebase-project","--single_project_mode",true],"optionalArgs":["port","webchannel_port","host","rules","websocket_port","functions_emulator","seed_from_export","project_id","single_project_mode"],"joinArgs":false,"shell":false,"port":8080} {"metadata":{"emulator":{"name":"firestore"},"message":"Starting Firestore Emulator with command {\"binary\":\"java\",\"args\":[\"-Dgoogle.cloud_firestore.debug_log_level=FINE\",\"-Duser.language=en\",\"-jar\",\"/root/.cache/firebase/emulators/cloud-firestore-emulator-v1.19.8.jar\",\"--host\",\"0.0.0.0\",\"--port\",8080,\"--websocket_port\",9150,\"--project_id\",\"my-firebase-project\",\"--single_project_mode\",true],\"optionalArgs\":[\"port\",\"webchannel_port\",\"host\",\"rules\",\"websocket_port\",\"functions_emulator\",\"seed_from_export\",\"project_id\",\"single_project_mode\"],\"joinArgs\":false,\"shell\":false,\"port\":8080}"}}
[info] i  firestore: Firestore Emulator logging to firestore-debug.log {"metadata":{"emulator":{"name":"firestore"},"message":"Firestore Emulator logging to firestore-debug.log"}}
[debug] [2025-04-03T15:06:48.658Z] Apr 03, 2025 3:06:48 PM com.google.cloud.datastore.emulator.firestore.websocket.WebSocketServer start
INFO: Started WebSocket server on ws://0.0.0.0:9150
 {"metadata":{"emulator":{"name":"firestore"},"message":"Apr 03, 2025 3:06:48 PM com.google.cloud.datastore.emulator.firestore.websocket.WebSocketServer start\nINFO: Started WebSocket server on ws://0.0.0.0:9150\n"}}
[debug] [2025-04-03T15:06:48.690Z] API endpoint: http:// {"metadata":{"emulator":{"name":"firestore"},"message":"API endpoint: http://"}}
[debug] [2025-04-03T15:06:48.690Z] 0.0.0.0:8080
If you are using a library that supports the FIRESTORE_EMULATOR_HOST environment variable, run:

   export FIRESTORE_EMULATOR_HOST=0.0.0.0:8080

If you are running a Firestore in Datastore Mode project, run:

   export DATASTORE_EMULATOR_HOST=0.0.0.0:8080

Note: Support for Datastore Mode is in preview. If you encounter any bugs please file at https://github.com/firebase/firebase-tools/issues.
Dev App Server is now running.

 {"metadata":{"emulator":{"name":"firestore"},"message":"0.0.0.0:8080\nIf you are using a library that supports the FIRESTORE_EMULATOR_HOST environment variable, run:\n\n   export FIRESTORE_EMULATOR_HOST=0.0.0.0:8080\n\nIf you are running a Firestore in Datastore Mode project, run:\n\n   export DATASTORE_EMULATOR_HOST=0.0.0.0:8080\n\nNote: Support for Datastore Mode is in preview. If you encounter any bugs please file at https://github.com/firebase/firebase-tools/issues.\nDev App Server is now running.\n\n"}}
[info] ✔  firestore: Firestore Emulator UI websocket is running on 9150. {"metadata":{"emulator":{"name":"firestore"},"message":"Firestore Emulator UI websocket is running on 9150."}}
[info] i  pubsub: downloading pubsub-emulator-0.8.14.zip... {"metadata":{"emulator":{"name":"pubsub"},"message":"downloading pubsub-emulator-0.8.14.zip..."}}
[debug] [2025-04-03T15:06:56.346Z] >>> [apiv2][query] GET https://storage.googleapis.com/firebase-preview-drop/emulator/pubsub-emulator-0.8.14.zip 
[debug] [2025-04-03T15:06:56.739Z] <<< [apiv2][status] GET https://storage.googleapis.com/firebase-preview-drop/emulator/pubsub-emulator-0.8.14.zip 200
[debug] [2025-04-03T15:06:56.739Z] <<< [apiv2][body] GET https://storage.googleapis.com/firebase-preview-drop/emulator/pubsub-emulator-0.8.14.zip [stream]
[debug] [2025-04-03T15:07:02.859Z] Data is 66786933
[debug] [2025-04-03T15:07:02.860Z] [unzip] Entry: pubsub-emulator/ (compressed_size=2 bytes, uncompressed_size=0 bytes)
[debug] [2025-04-03T15:07:02.860Z] [unzip] Processing entry: pubsub-emulator/
[debug] [2025-04-03T15:07:02.860Z] [unzip] mkdir: /root/.cache/firebase/emulators/pubsub-emulator-0.8.14/pubsub-emulator/
[debug] [2025-04-03T15:07:02.861Z] [unzip] Entry: pubsub-emulator/lib/ (compressed_size=2 bytes, uncompressed_size=0 bytes)
[debug] [2025-04-03T15:07:02.861Z] [unzip] Processing entry: pubsub-emulator/lib/
[debug] [2025-04-03T15:07:02.861Z] [unzip] mkdir: /root/.cache/firebase/emulators/pubsub-emulator-0.8.14/pubsub-emulator/lib/
[debug] [2025-04-03T15:07:02.861Z] [unzip] Entry: pubsub-emulator/lib/cloud-pubsub-emulator-0.8.14-all.jar (compressed_size=66782880 bytes, uncompressed_size=71655096 bytes)
[debug] [2025-04-03T15:07:02.862Z] [unzip] Processing entry: pubsub-emulator/lib/cloud-pubsub-emulator-0.8.14-all.jar
[debug] [2025-04-03T15:07:02.862Z] [unzip] else mkdir: /root/.cache/firebase/emulators/pubsub-emulator-0.8.14/pubsub-emulator/lib
[debug] [2025-04-03T15:07:02.862Z] [unzip] deflating: /root/.cache/firebase/emulators/pubsub-emulator-0.8.14/pubsub-emulator/lib/cloud-pubsub-emulator-0.8.14-all.jar
[debug] [2025-04-03T15:07:03.652Z] [unzip] Entry: pubsub-emulator/bin/ (compressed_size=2 bytes, uncompressed_size=0 bytes)
[debug] [2025-04-03T15:07:03.652Z] [unzip] Processing entry: pubsub-emulator/bin/
[debug] [2025-04-03T15:07:03.652Z] [unzip] mkdir: /root/.cache/firebase/emulators/pubsub-emulator-0.8.14/pubsub-emulator/bin/
[debug] [2025-04-03T15:07:03.657Z] [unzip] Entry: pubsub-emulator/bin/cloud-pubsub-emulator.bat (compressed_size=889 bytes, uncompressed_size=2276 bytes)
[debug] [2025-04-03T15:07:03.657Z] [unzip] Processing entry: pubsub-emulator/bin/cloud-pubsub-emulator.bat
[debug] [2025-04-03T15:07:03.657Z] [unzip] else mkdir: /root/.cache/firebase/emulators/pubsub-emulator-0.8.14/pubsub-emulator/bin
[debug] [2025-04-03T15:07:03.663Z] [unzip] deflating: /root/.cache/firebase/emulators/pubsub-emulator-0.8.14/pubsub-emulator/bin/cloud-pubsub-emulator.bat
[debug] [2025-04-03T15:07:03.666Z] [unzip] Entry: pubsub-emulator/bin/cloud-pubsub-emulator (compressed_size=2284 bytes, uncompressed_size=5728 bytes)
[debug] [2025-04-03T15:07:03.666Z] [unzip] Processing entry: pubsub-emulator/bin/cloud-pubsub-emulator
[debug] [2025-04-03T15:07:03.666Z] [unzip] else mkdir: /root/.cache/firebase/emulators/pubsub-emulator-0.8.14/pubsub-emulator/bin
[debug] [2025-04-03T15:07:03.666Z] [unzip] deflating: /root/.cache/firebase/emulators/pubsub-emulator-0.8.14/pubsub-emulator/bin/cloud-pubsub-emulator
[debug] [2025-04-03T15:07:03.668Z] Ignoring unsupported arg: projectId {"metadata":{"emulator":{"name":"pubsub"},"message":"Ignoring unsupported arg: projectId"}}
[debug] [2025-04-03T15:07:03.668Z] Ignoring unsupported arg: auto_download {"metadata":{"emulator":{"name":"pubsub"},"message":"Ignoring unsupported arg: auto_download"}}
[debug] [2025-04-03T15:07:03.669Z] Starting Pub/Sub Emulator with command {"binary":"/root/.cache/firebase/emulators/pubsub-emulator-0.8.14/pubsub-emulator/bin/cloud-pubsub-emulator","args":["--host=0.0.0.0","--port=8085"],"optionalArgs":["port","host"],"joinArgs":true,"shell":true,"port":8085} {"metadata":{"emulator":{"name":"pubsub"},"message":"Starting Pub/Sub Emulator with command {\"binary\":\"/root/.cache/firebase/emulators/pubsub-emulator-0.8.14/pubsub-emulator/bin/cloud-pubsub-emulator\",\"args\":[\"--host=0.0.0.0\",\"--port=8085\"],\"optionalArgs\":[\"port\",\"host\"],\"joinArgs\":true,\"shell\":true,\"port\":8085}"}}
[info] i  pubsub: Pub/Sub Emulator logging to pubsub-debug.log {"metadata":{"emulator":{"name":"pubsub"},"message":"Pub/Sub Emulator logging to pubsub-debug.log"}}
[debug] [2025-04-03T15:07:03.832Z] This is the Google Pub/Sub fake.
 {"metadata":{"emulator":{"name":"pubsub"},"message":"This is the Google Pub/Sub fake.\n"}}
[debug] [2025-04-03T15:07:03.832Z] Implementation may be incomplete or differ from the real system.
 {"metadata":{"emulator":{"name":"pubsub"},"message":"Implementation may be incomplete or differ from the real system.\n"}}
[debug] [2025-04-03T15:07:03.877Z] Apr 03, 2025 3:07:03 PM com.google.cloud.pubsub.testing.v1.Main main
INFO: IAM integration is disabled. IAM policy methods and ACL checks are not supported
 {"metadata":{"emulator":{"name":"pubsub"},"message":"Apr 03, 2025 3:07:03 PM com.google.cloud.pubsub.testing.v1.Main main\nINFO: IAM integration is disabled. IAM policy methods and ACL checks are not supported\n"}}
[debug] [2025-04-03T15:07:04.078Z] SLF4J: Failed to load class "org.slf4j.impl.StaticLoggerBinder".
SLF4J: Defaulting to no-operation (NOP) logger implementation
SLF4J: See http://www.slf4j.org/codes.html#StaticLoggerBinder for further details.
 {"metadata":{"emulator":{"name":"pubsub"},"message":"SLF4J: Failed to load class \"org.slf4j.impl.StaticLoggerBinder\".\nSLF4J: Defaulting to no-operation (NOP) logger implementation\nSLF4J: See http://www.slf4j.org/codes.html#StaticLoggerBinder for further details.\n"}}
[debug] [2025-04-03T15:07:04.623Z] Apr 03, 2025 3:07:04 PM com.google.cloud.pubsub.testing.v1.Main main
INFO: Server started, listening on 8085
 {"metadata":{"emulator":{"name":"pubsub"},"message":"Apr 03, 2025 3:07:04 PM com.google.cloud.pubsub.testing.v1.Main main\nINFO: Server started, listening on 8085\n"}}
[info] i  storage: downloading cloud-storage-rules-runtime-v1.1.3.jar... {"metadata":{"emulator":{"name":"storage"},"message":"downloading cloud-storage-rules-runtime-v1.1.3.jar..."}}
[debug] [2025-04-03T15:07:04.704Z] >>> [apiv2][query] GET https://storage.googleapis.com/firebase-preview-drop/emulator/cloud-storage-rules-runtime-v1.1.3.jar 
[debug] [2025-04-03T15:07:05.033Z] <<< [apiv2][status] GET https://storage.googleapis.com/firebase-preview-drop/emulator/cloud-storage-rules-runtime-v1.1.3.jar 200
[debug] [2025-04-03T15:07:05.034Z] <<< [apiv2][body] GET https://storage.googleapis.com/firebase-preview-drop/emulator/cloud-storage-rules-runtime-v1.1.3.jar [stream]
[debug] [2025-04-03T15:07:10.386Z] Ignoring unsupported arg: port {"metadata":{"emulator":{"name":"storage"},"message":"Ignoring unsupported arg: port"}}
[debug] [2025-04-03T15:07:11.416Z] Temp file directory for storage emulator: /tmp/firebase/storage/blobs {"metadata":{"emulator":{"name":"storage"},"message":"Temp file directory for storage emulator: /tmp/firebase/storage/blobs"}}
[info] i  ui: downloading ui-v1.14.0.zip... {"metadata":{"emulator":{"name":"ui"},"message":"downloading ui-v1.14.0.zip..."}}
[debug] [2025-04-03T15:07:11.436Z] >>> [apiv2][query] GET https://storage.googleapis.com/firebase-preview-drop/emulator/ui-v1.14.0.zip 
[debug] [2025-04-03T15:07:11.468Z] <<< [apiv2][status] GET https://storage.googleapis.com/firebase-preview-drop/emulator/ui-v1.14.0.zip 200
[debug] [2025-04-03T15:07:11.468Z] <<< [apiv2][body] GET https://storage.googleapis.com/firebase-preview-drop/emulator/ui-v1.14.0.zip [stream]
[debug] [2025-04-03T15:07:11.575Z] Data is 3615311
[debug] [2025-04-03T15:07:11.576Z] [unzip] Entry: client/ (compressed_size=0 bytes, uncompressed_size=0 bytes)
[debug] [2025-04-03T15:07:11.576Z] [unzip] Processing entry: client/
[debug] [2025-04-03T15:07:11.576Z] [unzip] mkdir: /root/.cache/firebase/emulators/ui-v1.14.0/client/
[debug] [2025-04-03T15:07:11.585Z] [unzip] Entry: client/favicon-16x16.png (compressed_size=293 bytes, uncompressed_size=293 bytes)
[debug] [2025-04-03T15:07:11.587Z] [unzip] Processing entry: client/favicon-16x16.png
[debug] [2025-04-03T15:07:11.587Z] [unzip] else mkdir: /root/.cache/firebase/emulators/ui-v1.14.0/client
[debug] [2025-04-03T15:07:11.591Z] [unzip] Writing file: /root/.cache/firebase/emulators/ui-v1.14.0/client/favicon-16x16.png
[debug] [2025-04-03T15:07:11.593Z] [unzip] Entry: client/safari-pinned-tab.svg (compressed_size=1433 bytes, uncompressed_size=2611 bytes)
[debug] [2025-04-03T15:07:11.594Z] [unzip] Processing entry: client/safari-pinned-tab.svg
[debug] [2025-04-03T15:07:11.594Z] [unzip] else mkdir: /root/.cache/firebase/emulators/ui-v1.14.0/client
[debug] [2025-04-03T15:07:11.595Z] [unzip] deflating: /root/.cache/firebase/emulators/ui-v1.14.0/client/safari-pinned-tab.svg
[debug] [2025-04-03T15:07:11.608Z] [unzip] Entry: client/favicon.ico (compressed_size=2933 bytes, uncompressed_size=13294 bytes)
[debug] [2025-04-03T15:07:11.609Z] [unzip] Processing entry: client/favicon.ico
[debug] [2025-04-03T15:07:11.609Z] [unzip] else mkdir: /root/.cache/firebase/emulators/ui-v1.14.0/client
[debug] [2025-04-03T15:07:11.610Z] [unzip] deflating: /root/.cache/firebase/emulators/ui-v1.14.0/client/favicon.ico
[debug] [2025-04-03T15:07:11.618Z] [unzip] Entry: client/index.html (compressed_size=1363 bytes, uncompressed_size=3071 bytes)
[debug] [2025-04-03T15:07:11.618Z] [unzip] Processing entry: client/index.html
[debug] [2025-04-03T15:07:11.618Z] [unzip] else mkdir: /root/.cache/firebase/emulators/ui-v1.14.0/client
[debug] [2025-04-03T15:07:11.618Z] [unzip] deflating: /root/.cache/firebase/emulators/ui-v1.14.0/client/index.html
[debug] [2025-04-03T15:07:11.621Z] [unzip] Entry: client/android-chrome-192x192.png (compressed_size=2684 bytes, uncompressed_size=2684 bytes)
[debug] [2025-04-03T15:07:11.621Z] [unzip] Processing entry: client/android-chrome-192x192.png
[debug] [2025-04-03T15:07:11.621Z] [unzip] else mkdir: /root/.cache/firebase/emulators/ui-v1.14.0/client
[debug] [2025-04-03T15:07:11.623Z] [unzip] Writing file: /root/.cache/firebase/emulators/ui-v1.14.0/client/android-chrome-192x192.png
[debug] [2025-04-03T15:07:11.626Z] [unzip] Entry: client/apple-touch-icon.png (compressed_size=2123 bytes, uncompressed_size=2152 bytes)
[debug] [2025-04-03T15:07:11.626Z] [unzip] Processing entry: client/apple-touch-icon.png
[debug] [2025-04-03T15:07:11.626Z] [unzip] else mkdir: /root/.cache/firebase/emulators/ui-v1.14.0/client
[debug] [2025-04-03T15:07:11.626Z] [unzip] deflating: /root/.cache/firebase/emulators/ui-v1.14.0/client/apple-touch-icon.png
[debug] [2025-04-03T15:07:11.632Z] [unzip] Entry: client/android-chrome-512x512.png (compressed_size=5369 bytes, uncompressed_size=5411 bytes)
[debug] [2025-04-03T15:07:11.632Z] [unzip] Processing entry: client/android-chrome-512x512.png
[debug] [2025-04-03T15:07:11.632Z] [unzip] else mkdir: /root/.cache/firebase/emulators/ui-v1.14.0/client
[debug] [2025-04-03T15:07:11.632Z] [unzip] deflating: /root/.cache/firebase/emulators/ui-v1.14.0/client/android-chrome-512x512.png
[debug] [2025-04-03T15:07:11.633Z] [unzip] Entry: client/manifest.json (compressed_size=245 bytes, uncompressed_size=551 bytes)
[debug] [2025-04-03T15:07:11.633Z] [unzip] Processing entry: client/manifest.json
[debug] [2025-04-03T15:07:11.633Z] [unzip] else mkdir: /root/.cache/firebase/emulators/ui-v1.14.0/client
[debug] [2025-04-03T15:07:11.633Z] [unzip] deflating: /root/.cache/firebase/emulators/ui-v1.14.0/client/manifest.json
[debug] [2025-04-03T15:07:11.634Z] [unzip] Entry: client/robots.txt (compressed_size=26 bytes, uncompressed_size=26 bytes)
[debug] [2025-04-03T15:07:11.634Z] [unzip] Processing entry: client/robots.txt
[debug] [2025-04-03T15:07:11.634Z] [unzip] else mkdir: /root/.cache/firebase/emulators/ui-v1.14.0/client
[debug] [2025-04-03T15:07:11.634Z] [unzip] Writing file: /root/.cache/firebase/emulators/ui-v1.14.0/client/robots.txt
[debug] [2025-04-03T15:07:11.635Z] [unzip] Entry: client/mstile-150x150.png (compressed_size=2034 bytes, uncompressed_size=2034 bytes)
[debug] [2025-04-03T15:07:11.635Z] [unzip] Processing entry: client/mstile-150x150.png
[debug] [2025-04-03T15:07:11.635Z] [unzip] else mkdir: /root/.cache/firebase/emulators/ui-v1.14.0/client
[debug] [2025-04-03T15:07:11.635Z] [unzip] Writing file: /root/.cache/firebase/emulators/ui-v1.14.0/client/mstile-150x150.png
[debug] [2025-04-03T15:07:11.635Z] [unzip] Entry: client/assets/ (compressed_size=0 bytes, uncompressed_size=0 bytes)
[debug] [2025-04-03T15:07:11.635Z] [unzip] Processing entry: client/assets/
[debug] [2025-04-03T15:07:11.635Z] [unzip] mkdir: /root/.cache/firebase/emulators/ui-v1.14.0/client/assets/
[debug] [2025-04-03T15:07:11.636Z] [unzip] Entry: client/assets/index-ClZTY_JS.js.map (compressed_size=2328270 bytes, uncompressed_size=9947004 bytes)
[debug] [2025-04-03T15:07:11.636Z] [unzip] Processing entry: client/assets/index-ClZTY_JS.js.map
[debug] [2025-04-03T15:07:11.636Z] [unzip] else mkdir: /root/.cache/firebase/emulators/ui-v1.14.0/client/assets
[debug] [2025-04-03T15:07:11.636Z] [unzip] deflating: /root/.cache/firebase/emulators/ui-v1.14.0/client/assets/index-ClZTY_JS.js.map
[debug] [2025-04-03T15:07:11.719Z] [unzip] Entry: client/assets/index-ClZTY_JS.js (compressed_size=567195 bytes, uncompressed_size=2035940 bytes)
[debug] [2025-04-03T15:07:11.719Z] [unzip] Processing entry: client/assets/index-ClZTY_JS.js
[debug] [2025-04-03T15:07:11.719Z] [unzip] else mkdir: /root/.cache/firebase/emulators/ui-v1.14.0/client/assets
[debug] [2025-04-03T15:07:11.720Z] [unzip] deflating: /root/.cache/firebase/emulators/ui-v1.14.0/client/assets/index-ClZTY_JS.js
[debug] [2025-04-03T15:07:11.790Z] [unzip] Entry: client/assets/index-BdgySamB.css (compressed_size=35979 bytes, uncompressed_size=298654 bytes)
[debug] [2025-04-03T15:07:11.790Z] [unzip] Processing entry: client/assets/index-BdgySamB.css
[debug] [2025-04-03T15:07:11.790Z] [unzip] else mkdir: /root/.cache/firebase/emulators/ui-v1.14.0/client/assets
[debug] [2025-04-03T15:07:11.790Z] [unzip] deflating: /root/.cache/firebase/emulators/ui-v1.14.0/client/assets/index-BdgySamB.css
[debug] [2025-04-03T15:07:11.792Z] [unzip] Entry: client/assets/extensions/ (compressed_size=0 bytes, uncompressed_size=0 bytes)
[debug] [2025-04-03T15:07:11.793Z] [unzip] Processing entry: client/assets/extensions/
[debug] [2025-04-03T15:07:11.793Z] [unzip] mkdir: /root/.cache/firebase/emulators/ui-v1.14.0/client/assets/extensions/
[debug] [2025-04-03T15:07:11.793Z] [unzip] Entry: client/assets/extensions/default-extension.png (compressed_size=1646 bytes, uncompressed_size=1657 bytes)
[debug] [2025-04-03T15:07:11.793Z] [unzip] Processing entry: client/assets/extensions/default-extension.png
[debug] [2025-04-03T15:07:11.793Z] [unzip] else mkdir: /root/.cache/firebase/emulators/ui-v1.14.0/client/assets/extensions
[debug] [2025-04-03T15:07:11.793Z] [unzip] deflating: /root/.cache/firebase/emulators/ui-v1.14.0/client/assets/extensions/default-extension.png
[debug] [2025-04-03T15:07:11.794Z] [unzip] Entry: client/assets/img/ (compressed_size=0 bytes, uncompressed_size=0 bytes)
[debug] [2025-04-03T15:07:11.794Z] [unzip] Processing entry: client/assets/img/
[debug] [2025-04-03T15:07:11.794Z] [unzip] mkdir: /root/.cache/firebase/emulators/ui-v1.14.0/client/assets/img/
[debug] [2025-04-03T15:07:11.794Z] [unzip] Entry: client/assets/img/database.png (compressed_size=29449 bytes, uncompressed_size=29988 bytes)
[debug] [2025-04-03T15:07:11.794Z] [unzip] Processing entry: client/assets/img/database.png
[debug] [2025-04-03T15:07:11.794Z] [unzip] else mkdir: /root/.cache/firebase/emulators/ui-v1.14.0/client/assets/img
[debug] [2025-04-03T15:07:11.794Z] [unzip] deflating: /root/.cache/firebase/emulators/ui-v1.14.0/client/assets/img/database.png
[debug] [2025-04-03T15:07:11.795Z] [unzip] Entry: client/assets/provider-icons/ (compressed_size=0 bytes, uncompressed_size=0 bytes)
[debug] [2025-04-03T15:07:11.795Z] [unzip] Processing entry: client/assets/provider-icons/
[debug] [2025-04-03T15:07:11.795Z] [unzip] mkdir: /root/.cache/firebase/emulators/ui-v1.14.0/client/assets/provider-icons/
[debug] [2025-04-03T15:07:11.796Z] [unzip] Entry: client/assets/provider-icons/auth_service_saml.svg (compressed_size=575 bytes, uncompressed_size=1226 bytes)
[debug] [2025-04-03T15:07:11.796Z] [unzip] Processing entry: client/assets/provider-icons/auth_service_saml.svg
[debug] [2025-04-03T15:07:11.796Z] [unzip] else mkdir: /root/.cache/firebase/emulators/ui-v1.14.0/client/assets/provider-icons
[debug] [2025-04-03T15:07:11.796Z] [unzip] deflating: /root/.cache/firebase/emulators/ui-v1.14.0/client/assets/provider-icons/auth_service_saml.svg
[debug] [2025-04-03T15:07:11.796Z] [unzip] Entry: client/assets/provider-icons/auth_service_phone.svg (compressed_size=261 bytes, uncompressed_size=414 bytes)
[debug] [2025-04-03T15:07:11.796Z] [unzip] Processing entry: client/assets/provider-icons/auth_service_phone.svg
[debug] [2025-04-03T15:07:11.797Z] [unzip] else mkdir: /root/.cache/firebase/emulators/ui-v1.14.0/client/assets/provider-icons
[debug] [2025-04-03T15:07:11.797Z] [unzip] deflating: /root/.cache/firebase/emulators/ui-v1.14.0/client/assets/provider-icons/auth_service_phone.svg
[debug] [2025-04-03T15:07:11.797Z] [unzip] Entry: client/assets/provider-icons/auth_service_facebook.svg (compressed_size=289 bytes, uncompressed_size=457 bytes)
[debug] [2025-04-03T15:07:11.797Z] [unzip] Processing entry: client/assets/provider-icons/auth_service_facebook.svg
[debug] [2025-04-03T15:07:11.797Z] [unzip] else mkdir: /root/.cache/firebase/emulators/ui-v1.14.0/client/assets/provider-icons
[debug] [2025-04-03T15:07:11.798Z] [unzip] deflating: /root/.cache/firebase/emulators/ui-v1.14.0/client/assets/provider-icons/auth_service_facebook.svg
[debug] [2025-04-03T15:07:11.798Z] [unzip] Entry: client/assets/provider-icons/auth_service_game_center.svg (compressed_size=991 bytes, uncompressed_size=3921 bytes)
[debug] [2025-04-03T15:07:11.798Z] [unzip] Processing entry: client/assets/provider-icons/auth_service_game_center.svg
[debug] [2025-04-03T15:07:11.798Z] [unzip] else mkdir: /root/.cache/firebase/emulators/ui-v1.14.0/client/assets/provider-icons
[debug] [2025-04-03T15:07:11.798Z] [unzip] deflating: /root/.cache/firebase/emulators/ui-v1.14.0/client/assets/provider-icons/auth_service_game_center.svg
[debug] [2025-04-03T15:07:11.799Z] [unzip] Entry: client/assets/provider-icons/auth_service_apple.svg (compressed_size=230 bytes, uncompressed_size=334 bytes)
[debug] [2025-04-03T15:07:11.799Z] [unzip] Processing entry: client/assets/provider-icons/auth_service_apple.svg
[debug] [2025-04-03T15:07:11.799Z] [unzip] else mkdir: /root/.cache/firebase/emulators/ui-v1.14.0/client/assets/provider-icons
[debug] [2025-04-03T15:07:11.799Z] [unzip] deflating: /root/.cache/firebase/emulators/ui-v1.14.0/client/assets/provider-icons/auth_service_apple.svg
[debug] [2025-04-03T15:07:11.800Z] [unzip] Entry: client/assets/provider-icons/auth_service_github.svg (compressed_size=466 bytes, uncompressed_size=838 bytes)
[debug] [2025-04-03T15:07:11.800Z] [unzip] Processing entry: client/assets/provider-icons/auth_service_github.svg
[debug] [2025-04-03T15:07:11.800Z] [unzip] else mkdir: /root/.cache/firebase/emulators/ui-v1.14.0/client/assets/provider-icons
[debug] [2025-04-03T15:07:11.800Z] [unzip] deflating: /root/.cache/firebase/emulators/ui-v1.14.0/client/assets/provider-icons/auth_service_github.svg
[debug] [2025-04-03T15:07:11.800Z] [unzip] Entry: client/assets/provider-icons/auth_service_mslive.svg (compressed_size=203 bytes, uncompressed_size=378 bytes)
[debug] [2025-04-03T15:07:11.800Z] [unzip] Processing entry: client/assets/provider-icons/auth_service_mslive.svg
[debug] [2025-04-03T15:07:11.801Z] [unzip] else mkdir: /root/.cache/firebase/emulators/ui-v1.14.0/client/assets/provider-icons
[debug] [2025-04-03T15:07:11.801Z] [unzip] deflating: /root/.cache/firebase/emulators/ui-v1.14.0/client/assets/provider-icons/auth_service_mslive.svg
[debug] [2025-04-03T15:07:11.801Z] [unzip] Entry: client/assets/provider-icons/auth_service_yahoo.svg (compressed_size=577 bytes, uncompressed_size=1182 bytes)
[debug] [2025-04-03T15:07:11.801Z] [unzip] Processing entry: client/assets/provider-icons/auth_service_yahoo.svg
[debug] [2025-04-03T15:07:11.802Z] [unzip] else mkdir: /root/.cache/firebase/emulators/ui-v1.14.0/client/assets/provider-icons
[debug] [2025-04-03T15:07:11.802Z] [unzip] deflating: /root/.cache/firebase/emulators/ui-v1.14.0/client/assets/provider-icons/auth_service_yahoo.svg
[debug] [2025-04-03T15:07:11.803Z] [unzip] Entry: client/assets/provider-icons/auth_service_twitter.svg (compressed_size=444 bytes, uncompressed_size=751 bytes)
[debug] [2025-04-03T15:07:11.803Z] [unzip] Processing entry: client/assets/provider-icons/auth_service_twitter.svg
[debug] [2025-04-03T15:07:11.803Z] [unzip] else mkdir: /root/.cache/firebase/emulators/ui-v1.14.0/client/assets/provider-icons
[debug] [2025-04-03T15:07:11.803Z] [unzip] deflating: /root/.cache/firebase/emulators/ui-v1.14.0/client/assets/provider-icons/auth_service_twitter.svg
[debug] [2025-04-03T15:07:11.804Z] [unzip] Entry: client/assets/provider-icons/auth_service_play_games.svg (compressed_size=565 bytes, uncompressed_size=1173 bytes)
[debug] [2025-04-03T15:07:11.804Z] [unzip] Processing entry: client/assets/provider-icons/auth_service_play_games.svg
[debug] [2025-04-03T15:07:11.804Z] [unzip] else mkdir: /root/.cache/firebase/emulators/ui-v1.14.0/client/assets/provider-icons
[debug] [2025-04-03T15:07:11.804Z] [unzip] deflating: /root/.cache/firebase/emulators/ui-v1.14.0/client/assets/provider-icons/auth_service_play_games.svg
[debug] [2025-04-03T15:07:11.805Z] [unzip] Entry: client/assets/provider-icons/auth_service_email.svg (compressed_size=228 bytes, uncompressed_size=326 bytes)
[debug] [2025-04-03T15:07:11.805Z] [unzip] Processing entry: client/assets/provider-icons/auth_service_email.svg
[debug] [2025-04-03T15:07:11.805Z] [unzip] else mkdir: /root/.cache/firebase/emulators/ui-v1.14.0/client/assets/provider-icons
[debug] [2025-04-03T15:07:11.805Z] [unzip] deflating: /root/.cache/firebase/emulators/ui-v1.14.0/client/assets/provider-icons/auth_service_email.svg
[debug] [2025-04-03T15:07:11.805Z] [unzip] Entry: client/assets/provider-icons/auth_service_google.svg (compressed_size=409 bytes, uncompressed_size=720 bytes)
[debug] [2025-04-03T15:07:11.806Z] [unzip] Processing entry: client/assets/provider-icons/auth_service_google.svg
[debug] [2025-04-03T15:07:11.806Z] [unzip] else mkdir: /root/.cache/firebase/emulators/ui-v1.14.0/client/assets/provider-icons
[debug] [2025-04-03T15:07:11.806Z] [unzip] deflating: /root/.cache/firebase/emulators/ui-v1.14.0/client/assets/provider-icons/auth_service_google.svg
[debug] [2025-04-03T15:07:11.806Z] [unzip] Entry: client/assets/provider-icons/auth_service_oidc.svg (compressed_size=414 bytes, uncompressed_size=858 bytes)
[debug] [2025-04-03T15:07:11.806Z] [unzip] Processing entry: client/assets/provider-icons/auth_service_oidc.svg
[debug] [2025-04-03T15:07:11.806Z] [unzip] else mkdir: /root/.cache/firebase/emulators/ui-v1.14.0/client/assets/provider-icons
[debug] [2025-04-03T15:07:11.807Z] [unzip] deflating: /root/.cache/firebase/emulators/ui-v1.14.0/client/assets/provider-icons/auth_service_oidc.svg
[debug] [2025-04-03T15:07:11.807Z] [unzip] Entry: client/browserconfig.xml (compressed_size=491 bytes, uncompressed_size=822 bytes)
[debug] [2025-04-03T15:07:11.807Z] [unzip] Processing entry: client/browserconfig.xml
[debug] [2025-04-03T15:07:11.807Z] [unzip] else mkdir: /root/.cache/firebase/emulators/ui-v1.14.0/client
[debug] [2025-04-03T15:07:11.807Z] [unzip] deflating: /root/.cache/firebase/emulators/ui-v1.14.0/client/browserconfig.xml
[debug] [2025-04-03T15:07:11.808Z] [unzip] Entry: client/favicon-32x32.png (compressed_size=475 bytes, uncompressed_size=475 bytes)
[debug] [2025-04-03T15:07:11.808Z] [unzip] Processing entry: client/favicon-32x32.png
[debug] [2025-04-03T15:07:11.808Z] [unzip] else mkdir: /root/.cache/firebase/emulators/ui-v1.14.0/client
[debug] [2025-04-03T15:07:11.808Z] [unzip] Writing file: /root/.cache/firebase/emulators/ui-v1.14.0/client/favicon-32x32.png
[debug] [2025-04-03T15:07:11.809Z] [unzip] Entry: server/ (compressed_size=0 bytes, uncompressed_size=0 bytes)
[debug] [2025-04-03T15:07:11.809Z] [unzip] Processing entry: server/
[debug] [2025-04-03T15:07:11.809Z] [unzip] mkdir: /root/.cache/firebase/emulators/ui-v1.14.0/server/
[debug] [2025-04-03T15:07:11.809Z] [unzip] Entry: server/server.mjs.map (compressed_size=296496 bytes, uncompressed_size=1355667 bytes)
[debug] [2025-04-03T15:07:11.809Z] [unzip] Processing entry: server/server.mjs.map
[debug] [2025-04-03T15:07:11.809Z] [unzip] else mkdir: /root/.cache/firebase/emulators/ui-v1.14.0/server
[debug] [2025-04-03T15:07:11.809Z] [unzip] deflating: /root/.cache/firebase/emulators/ui-v1.14.0/server/server.mjs.map
[debug] [2025-04-03T15:07:11.818Z] [unzip] Entry: server/server.mjs (compressed_size=315701 bytes, uncompressed_size=1172682 bytes)
[debug] [2025-04-03T15:07:11.818Z] [unzip] Processing entry: server/server.mjs
[debug] [2025-04-03T15:07:11.818Z] [unzip] else mkdir: /root/.cache/firebase/emulators/ui-v1.14.0/server
[debug] [2025-04-03T15:07:11.819Z] [unzip] deflating: /root/.cache/firebase/emulators/ui-v1.14.0/server/server.mjs
[debug] [2025-04-03T15:07:11.826Z] [unzip] Entry: server/assets/ (compressed_size=0 bytes, uncompressed_size=0 bytes)
[debug] [2025-04-03T15:07:11.827Z] [unzip] Processing entry: server/assets/
[debug] [2025-04-03T15:07:11.827Z] [unzip] mkdir: /root/.cache/firebase/emulators/ui-v1.14.0/server/assets/
[debug] [2025-04-03T15:07:11.827Z] [unzip] Entry: server/assets/multipart-parser-DGCUZdXu.mjs.map (compressed_size=4791 bytes, uncompressed_size=17918 bytes)
[debug] [2025-04-03T15:07:11.827Z] [unzip] Processing entry: server/assets/multipart-parser-DGCUZdXu.mjs.map
[debug] [2025-04-03T15:07:11.827Z] [unzip] else mkdir: /root/.cache/firebase/emulators/ui-v1.14.0/server/assets
[debug] [2025-04-03T15:07:11.827Z] [unzip] deflating: /root/.cache/firebase/emulators/ui-v1.14.0/server/assets/multipart-parser-DGCUZdXu.mjs.map
[debug] [2025-04-03T15:07:11.828Z] [unzip] Entry: server/assets/multipart-parser-DGCUZdXu.mjs (compressed_size=2621 bytes, uncompressed_size=10390 bytes)
[debug] [2025-04-03T15:07:11.828Z] [unzip] Processing entry: server/assets/multipart-parser-DGCUZdXu.mjs
[debug] [2025-04-03T15:07:11.828Z] [unzip] else mkdir: /root/.cache/firebase/emulators/ui-v1.14.0/server/assets
[debug] [2025-04-03T15:07:11.828Z] [unzip] deflating: /root/.cache/firebase/emulators/ui-v1.14.0/server/assets/multipart-parser-DGCUZdXu.mjs
[debug] [2025-04-03T15:07:11.836Z] Could not find VSCode notification endpoint: FetchError: request to http://localhost:40001/vscode/notify failed, reason: . If you are not running the Firebase Data Connect VSCode extension, this is expected and not an issue.
[info] 
┌─────────────────────────────────────────────────────────────┐
│ ✔  All emulators ready! It is now safe to connect your app. │
│ i  View Emulator UI at http://127.0.0.1:4000/               │
└─────────────────────────────────────────────────────────────┘

┌────────────────┬──────────────┬─────────────────────────────────┐
│ Emulator       │ Host:Port    │ View in Emulator UI             │
├────────────────┼──────────────┼─────────────────────────────────┤
│ Authentication │ 0.0.0.0:9099 │ http://127.0.0.1:4000/auth      │
├────────────────┼──────────────┼─────────────────────────────────┤
│ Firestore      │ 0.0.0.0:8080 │ http://127.0.0.1:4000/firestore │
├────────────────┼──────────────┼─────────────────────────────────┤
│ Pub/Sub        │ 0.0.0.0:8085 │ n/a                             │
├────────────────┼──────────────┼─────────────────────────────────┤
│ Storage        │ 0.0.0.0:9199 │ http://127.0.0.1:4000/storage   │
└────────────────┴──────────────┴─────────────────────────────────┘
  Emulator Hub host: 127.0.0.1 port: 4400
  Other reserved ports: 4500, 9150

Issues? Report them at https://github.com/firebase/firebase-tools/issues and attach the *-debug.log files.
 
