[2025-04-05T06:45:00.955Z] Object "/emulators/firestore" in "firebase.json" has unknown property: {"additionalProperty":"logging"}
[2025-04-05T06:45:00.964Z] > command requires scopes: ["email","openid","https://www.googleapis.com/auth/cloudplatformprojects.readonly","https://www.googleapis.com/auth/firebase","https://www.googleapis.com/auth/cloud-platform"]
[2025-04-05T06:45:00.964Z] > authorizing via FIREBASE_TOKEN environment variable
⚠  Authenticating with `FIREBASE_TOKEN` is deprecated and will be removed in a future major version of `firebase-tools`. Instead, use a service account key with `GOOGLE_APPLICATION_CREDENTIALS`: https://cloud.google.com/docs/authentication/getting-started 
[2025-04-05T06:45:01.008Z] openjdk version "17.0.14" 2025-01-21
OpenJDK Runtime Environment (build 17.0.14+7-alpine-r0)
OpenJDK 64-Bit Server VM (build 17.0.14+7-alpine-r0, mixed mode, sharing)

[2025-04-05T06:45:01.013Z] Parsed Java major version: 17
i  emulators: Starting emulators: auth, firestore, pubsub, storage {"metadata":{"emulator":{"name":"hub"},"message":"Starting emulators: auth, firestore, pubsub, storage"}}
[2025-04-05T06:45:01.018Z] [logging] Logging Emulator only supports listening on one address (127.0.0.1). Not listening on ::1
[2025-04-05T06:45:01.018Z] assigned listening specs for emulators {"user":{"ui":[{"address":"0.0.0.0","family":"IPv4","port":4000}],"auth":[{"address":"0.0.0.0","family":"IPv4","port":9099}],"firestore":[{"address":"0.0.0.0","family":"IPv4","port":8080}],"firestore.websocket":[{"address":"0.0.0.0","family":"IPv4","port":9150}],"pubsub":[{"address":"0.0.0.0","family":"IPv4","port":8085}],"storage":[{"address":"0.0.0.0","family":"IPv4","port":9199}],"hub":[{"address":"127.0.0.1","family":"IPv4","port":4400},{"address":"::1","family":"IPv6","port":4400}],"logging":[{"address":"127.0.0.1","family":"IPv4","port":4500}]},"metadata":{"message":"assigned listening specs for emulators"}}
[2025-04-05T06:45:01.021Z] [hub] writing locator at /tmp/hub-my-firebase-project.json
⚠  emulators: Could not find import/export metadata file, skipping data import! {"metadata":{"emulator":{"name":"hub"},"message":"Could not find import/export metadata file, skipping data import!"}}
⚠  firestore: Cloud Firestore Emulator does not support multiple databases yet. {"metadata":{"emulator":{"name":"firestore"},"message":"Cloud Firestore Emulator does not support multiple databases yet."}}
⚠  firestore: Did not find a Cloud Firestore rules file specified in a firebase.json config file. {"metadata":{"emulator":{"name":"firestore"},"message":"Did not find a Cloud Firestore rules file specified in a firebase.json config file."}}
⚠  firestore: The emulator will default to allowing all reads and writes. Learn more about this option: https://firebase.google.com/docs/emulator-suite/install_and_configure#security_rules_configuration. {"metadata":{"emulator":{"name":"firestore"},"message":"The emulator will default to allowing all reads and writes. Learn more about this option: https://firebase.google.com/docs/emulator-suite/install_and_configure#security_rules_configuration."}}
i  firestore: downloading cloud-firestore-emulator-v1.19.8.jar... {"metadata":{"emulator":{"name":"firestore"},"message":"downloading cloud-firestore-emulator-v1.19.8.jar..."}}
[2025-04-05T06:45:01.027Z] >>> [apiv2][query] GET https://storage.googleapis.com/firebase-preview-drop/emulator/cloud-firestore-emulator-v1.19.8.jar 
[2025-04-05T06:45:01.491Z] <<< [apiv2][status] GET https://storage.googleapis.com/firebase-preview-drop/emulator/cloud-firestore-emulator-v1.19.8.jar 200
[2025-04-05T06:45:01.492Z] <<< [apiv2][body] GET https://storage.googleapis.com/firebase-preview-drop/emulator/cloud-firestore-emulator-v1.19.8.jar [stream]
[2025-04-05T06:45:01.553Z] <<< [apiv2][status] GET https://firebase-public.firebaseio.com/cli.json 200
[2025-04-05T06:45:01.553Z] <<< [apiv2][body] GET https://firebase-public.firebaseio.com/cli.json {"cloudBuildErrorAfter":1594252800000,"cloudBuildWarnAfter":1590019200000,"defaultNode10After":1594252800000,"minVersion":"3.0.5","node8DeploysDisabledAfter":1613390400000,"node8RuntimeDisabledAfter":1615809600000,"node8WarnAfter":1600128000000}

[2025-04-05T06:45:07.270Z] Ignoring unsupported arg: auto_download {"metadata":{"emulator":{"name":"firestore"},"message":"Ignoring unsupported arg: auto_download"}}
[2025-04-05T06:45:07.270Z] Ignoring unsupported arg: single_project_mode_error {"metadata":{"emulator":{"name":"firestore"},"message":"Ignoring unsupported arg: single_project_mode_error"}}
[2025-04-05T06:45:07.270Z] Starting Firestore Emulator with command {"binary":"java","args":["-Dgoogle.cloud_firestore.debug_log_level=FINE","-Duser.language=en","-jar","/root/.cache/firebase/emulators/cloud-firestore-emulator-v1.19.8.jar","--host","0.0.0.0","--port",8080,"--websocket_port",9150,"--project_id","my-firebase-project","--single_project_mode",true],"optionalArgs":["port","webchannel_port","host","rules","websocket_port","functions_emulator","seed_from_export","project_id","single_project_mode"],"joinArgs":false,"shell":false,"port":8080} {"metadata":{"emulator":{"name":"firestore"},"message":"Starting Firestore Emulator with command {\"binary\":\"java\",\"args\":[\"-Dgoogle.cloud_firestore.debug_log_level=FINE\",\"-Duser.language=en\",\"-jar\",\"/root/.cache/firebase/emulators/cloud-firestore-emulator-v1.19.8.jar\",\"--host\",\"0.0.0.0\",\"--port\",8080,\"--websocket_port\",9150,\"--project_id\",\"my-firebase-project\",\"--single_project_mode\",true],\"optionalArgs\":[\"port\",\"webchannel_port\",\"host\",\"rules\",\"websocket_port\",\"functions_emulator\",\"seed_from_export\",\"project_id\",\"single_project_mode\"],\"joinArgs\":false,\"shell\":false,\"port\":8080}"}}
i  firestore: Firestore Emulator logging to firestore-debug.log {"metadata":{"emulator":{"name":"firestore"},"message":"Firestore Emulator logging to firestore-debug.log"}}
[2025-04-05T06:45:08.553Z] Apr 05, 2025 6:45:08 AM com.google.cloud.datastore.emulator.firestore.websocket.WebSocketServer start
INFO: Started WebSocket server on ws://0.0.0.0:9150
 {"metadata":{"emulator":{"name":"firestore"},"message":"Apr 05, 2025 6:45:08 AM com.google.cloud.datastore.emulator.firestore.websocket.WebSocketServer start\nINFO: Started WebSocket server on ws://0.0.0.0:9150\n"}}
[2025-04-05T06:45:08.589Z] API endpoint: http:// {"metadata":{"emulator":{"name":"firestore"},"message":"API endpoint: http://"}}
[2025-04-05T06:45:08.590Z] 0.0.0.0:8080
If you are using a library that supports the FIRESTORE_EMULATOR_HOST environment variable, run:

   export FIRESTORE_EMULATOR_HOST=0.0.0.0:8080

If you are running a Firestore in Datastore Mode project, run:

   export DATASTORE_EMULATOR_HOST=0.0.0.0:8080

Note: Support for Datastore Mode is in preview. If you encounter any bugs please file at https://github.com/firebase/firebase-tools/issues.
Dev App Server is now running.

 {"metadata":{"emulator":{"name":"firestore"},"message":"0.0.0.0:8080\nIf you are using a library that supports the FIRESTORE_EMULATOR_HOST environment variable, run:\n\n   export FIRESTORE_EMULATOR_HOST=0.0.0.0:8080\n\nIf you are running a Firestore in Datastore Mode project, run:\n\n   export DATASTORE_EMULATOR_HOST=0.0.0.0:8080\n\nNote: Support for Datastore Mode is in preview. If you encounter any bugs please file at https://github.com/firebase/firebase-tools/issues.\nDev App Server is now running.\n\n"}}
✔  firestore: Firestore Emulator UI websocket is running on 9150. {"metadata":{"emulator":{"name":"firestore"},"message":"Firestore Emulator UI websocket is running on 9150."}}
i  pubsub: downloading pubsub-emulator-0.8.14.zip... {"metadata":{"emulator":{"name":"pubsub"},"message":"downloading pubsub-emulator-0.8.14.zip..."}}
[2025-04-05T06:45:15.659Z] >>> [apiv2][query] GET https://storage.googleapis.com/firebase-preview-drop/emulator/pubsub-emulator-0.8.14.zip 
[2025-04-05T06:45:16.066Z] <<< [apiv2][status] GET https://storage.googleapis.com/firebase-preview-drop/emulator/pubsub-emulator-0.8.14.zip 200
[2025-04-05T06:45:16.066Z] <<< [apiv2][body] GET https://storage.googleapis.com/firebase-preview-drop/emulator/pubsub-emulator-0.8.14.zip [stream]

[2025-04-05T06:45:22.334Z] Data is 66786933
[2025-04-05T06:45:22.334Z] [unzip] Entry: pubsub-emulator/ (compressed_size=2 bytes, uncompressed_size=0 bytes)
[2025-04-05T06:45:22.334Z] [unzip] Processing entry: pubsub-emulator/
[2025-04-05T06:45:22.334Z] [unzip] mkdir: /root/.cache/firebase/emulators/pubsub-emulator-0.8.14/pubsub-emulator/
[2025-04-05T06:45:22.335Z] [unzip] Entry: pubsub-emulator/lib/ (compressed_size=2 bytes, uncompressed_size=0 bytes)
[2025-04-05T06:45:22.336Z] [unzip] Processing entry: pubsub-emulator/lib/
[2025-04-05T06:45:22.336Z] [unzip] mkdir: /root/.cache/firebase/emulators/pubsub-emulator-0.8.14/pubsub-emulator/lib/
[2025-04-05T06:45:22.337Z] [unzip] Entry: pubsub-emulator/lib/cloud-pubsub-emulator-0.8.14-all.jar (compressed_size=66782880 bytes, uncompressed_size=71655096 bytes)
[2025-04-05T06:45:22.337Z] [unzip] Processing entry: pubsub-emulator/lib/cloud-pubsub-emulator-0.8.14-all.jar
[2025-04-05T06:45:22.337Z] [unzip] else mkdir: /root/.cache/firebase/emulators/pubsub-emulator-0.8.14/pubsub-emulator/lib
[2025-04-05T06:45:22.338Z] [unzip] deflating: /root/.cache/firebase/emulators/pubsub-emulator-0.8.14/pubsub-emulator/lib/cloud-pubsub-emulator-0.8.14-all.jar
[2025-04-05T06:45:23.387Z] [unzip] Entry: pubsub-emulator/bin/ (compressed_size=2 bytes, uncompressed_size=0 bytes)
[2025-04-05T06:45:23.387Z] [unzip] Processing entry: pubsub-emulator/bin/
[2025-04-05T06:45:23.388Z] [unzip] mkdir: /root/.cache/firebase/emulators/pubsub-emulator-0.8.14/pubsub-emulator/bin/
[2025-04-05T06:45:23.389Z] [unzip] Entry: pubsub-emulator/bin/cloud-pubsub-emulator.bat (compressed_size=889 bytes, uncompressed_size=2276 bytes)
[2025-04-05T06:45:23.389Z] [unzip] Processing entry: pubsub-emulator/bin/cloud-pubsub-emulator.bat
[2025-04-05T06:45:23.389Z] [unzip] else mkdir: /root/.cache/firebase/emulators/pubsub-emulator-0.8.14/pubsub-emulator/bin
[2025-04-05T06:45:23.391Z] [unzip] deflating: /root/.cache/firebase/emulators/pubsub-emulator-0.8.14/pubsub-emulator/bin/cloud-pubsub-emulator.bat
[2025-04-05T06:45:23.400Z] [unzip] Entry: pubsub-emulator/bin/cloud-pubsub-emulator (compressed_size=2284 bytes, uncompressed_size=5728 bytes)
[2025-04-05T06:45:23.400Z] [unzip] Processing entry: pubsub-emulator/bin/cloud-pubsub-emulator
[2025-04-05T06:45:23.400Z] [unzip] else mkdir: /root/.cache/firebase/emulators/pubsub-emulator-0.8.14/pubsub-emulator/bin
[2025-04-05T06:45:23.418Z] [unzip] deflating: /root/.cache/firebase/emulators/pubsub-emulator-0.8.14/pubsub-emulator/bin/cloud-pubsub-emulator
[2025-04-05T06:45:23.432Z] Ignoring unsupported arg: projectId {"metadata":{"emulator":{"name":"pubsub"},"message":"Ignoring unsupported arg: projectId"}}
[2025-04-05T06:45:23.432Z] Ignoring unsupported arg: auto_download {"metadata":{"emulator":{"name":"pubsub"},"message":"Ignoring unsupported arg: auto_download"}}
[2025-04-05T06:45:23.433Z] Starting Pub/Sub Emulator with command {"binary":"/root/.cache/firebase/emulators/pubsub-emulator-0.8.14/pubsub-emulator/bin/cloud-pubsub-emulator","args":["--host=0.0.0.0","--port=8085"],"optionalArgs":["port","host"],"joinArgs":true,"shell":true,"port":8085} {"metadata":{"emulator":{"name":"pubsub"},"message":"Starting Pub/Sub Emulator with command {\"binary\":\"/root/.cache/firebase/emulators/pubsub-emulator-0.8.14/pubsub-emulator/bin/cloud-pubsub-emulator\",\"args\":[\"--host=0.0.0.0\",\"--port=8085\"],\"optionalArgs\":[\"port\",\"host\"],\"joinArgs\":true,\"shell\":true,\"port\":8085}"}}
i  pubsub: Pub/Sub Emulator logging to pubsub-debug.log {"metadata":{"emulator":{"name":"pubsub"},"message":"Pub/Sub Emulator logging to pubsub-debug.log"}}
[2025-04-05T06:45:23.590Z] This is the Google Pub/Sub fake.
Implementation may be incomplete or differ from the real system.
 {"metadata":{"emulator":{"name":"pubsub"},"message":"This is the Google Pub/Sub fake.\nImplementation may be incomplete or differ from the real system.\n"}}
[2025-04-05T06:45:23.636Z] Apr 05, 2025 6:45:23 AM com.google.cloud.pubsub.testing.v1.Main main
INFO: IAM integration is disabled. IAM policy methods and ACL checks are not supported
 {"metadata":{"emulator":{"name":"pubsub"},"message":"Apr 05, 2025 6:45:23 AM com.google.cloud.pubsub.testing.v1.Main main\nINFO: IAM integration is disabled. IAM policy methods and ACL checks are not supported\n"}}
[2025-04-05T06:45:23.830Z] SLF4J: Failed to load class "org.slf4j.impl.StaticLoggerBinder".
 {"metadata":{"emulator":{"name":"pubsub"},"message":"SLF4J: Failed to load class \"org.slf4j.impl.StaticLoggerBinder\".\n"}}
[2025-04-05T06:45:23.832Z] SLF4J: Defaulting to no-operation (NOP) logger implementation
SLF4J: See http://www.slf4j.org/codes.html#StaticLoggerBinder for further details.
 {"metadata":{"emulator":{"name":"pubsub"},"message":"SLF4J: Defaulting to no-operation (NOP) logger implementation\nSLF4J: See http://www.slf4j.org/codes.html#StaticLoggerBinder for further details.\n"}}
[2025-04-05T06:45:24.429Z] Apr 05, 2025 6:45:24 AM com.google.cloud.pubsub.testing.v1.Main main
INFO: Server started, listening on 8085
 {"metadata":{"emulator":{"name":"pubsub"},"message":"Apr 05, 2025 6:45:24 AM com.google.cloud.pubsub.testing.v1.Main main\nINFO: Server started, listening on 8085\n"}}
i  storage: downloading cloud-storage-rules-runtime-v1.1.3.jar... {"metadata":{"emulator":{"name":"storage"},"message":"downloading cloud-storage-rules-runtime-v1.1.3.jar..."}}
[2025-04-05T06:45:24.478Z] >>> [apiv2][query] GET https://storage.googleapis.com/firebase-preview-drop/emulator/cloud-storage-rules-runtime-v1.1.3.jar 
[2025-04-05T06:45:24.817Z] <<< [apiv2][status] GET https://storage.googleapis.com/firebase-preview-drop/emulator/cloud-storage-rules-runtime-v1.1.3.jar 200
[2025-04-05T06:45:24.817Z] <<< [apiv2][body] GET https://storage.googleapis.com/firebase-preview-drop/emulator/cloud-storage-rules-runtime-v1.1.3.jar [stream]

[2025-04-05T06:45:30.209Z] Ignoring unsupported arg: port {"metadata":{"emulator":{"name":"storage"},"message":"Ignoring unsupported arg: port"}}
[2025-04-05T06:45:31.826Z] Temp file directory for storage emulator: /tmp/firebase/storage/blobs {"metadata":{"emulator":{"name":"storage"},"message":"Temp file directory for storage emulator: /tmp/firebase/storage/blobs"}}
i  ui: downloading ui-v1.14.0.zip... {"metadata":{"emulator":{"name":"ui"},"message":"downloading ui-v1.14.0.zip..."}}
[2025-04-05T06:45:31.845Z] >>> [apiv2][query] GET https://storage.googleapis.com/firebase-preview-drop/emulator/ui-v1.14.0.zip 
[2025-04-05T06:45:32.108Z] <<< [apiv2][status] GET https://storage.googleapis.com/firebase-preview-drop/emulator/ui-v1.14.0.zip 200
[2025-04-05T06:45:32.108Z] <<< [apiv2][body] GET https://storage.googleapis.com/firebase-preview-drop/emulator/ui-v1.14.0.zip [stream]

[2025-04-05T06:45:32.175Z] Data is 3615311
[2025-04-05T06:45:32.175Z] [unzip] Entry: client/ (compressed_size=0 bytes, uncompressed_size=0 bytes)
[2025-04-05T06:45:32.175Z] [unzip] Processing entry: client/
[2025-04-05T06:45:32.175Z] [unzip] mkdir: /root/.cache/firebase/emulators/ui-v1.14.0/client/
[2025-04-05T06:45:32.178Z] [unzip] Entry: client/favicon-16x16.png (compressed_size=293 bytes, uncompressed_size=293 bytes)
[2025-04-05T06:45:32.178Z] [unzip] Processing entry: client/favicon-16x16.png
[2025-04-05T06:45:32.178Z] [unzip] else mkdir: /root/.cache/firebase/emulators/ui-v1.14.0/client
[2025-04-05T06:45:32.179Z] [unzip] Writing file: /root/.cache/firebase/emulators/ui-v1.14.0/client/favicon-16x16.png
[2025-04-05T06:45:32.181Z] [unzip] Entry: client/safari-pinned-tab.svg (compressed_size=1433 bytes, uncompressed_size=2611 bytes)
[2025-04-05T06:45:32.184Z] [unzip] Processing entry: client/safari-pinned-tab.svg
[2025-04-05T06:45:32.184Z] [unzip] else mkdir: /root/.cache/firebase/emulators/ui-v1.14.0/client
[2025-04-05T06:45:32.196Z] [unzip] deflating: /root/.cache/firebase/emulators/ui-v1.14.0/client/safari-pinned-tab.svg
[2025-04-05T06:45:32.208Z] [unzip] Entry: client/favicon.ico (compressed_size=2933 bytes, uncompressed_size=13294 bytes)
[2025-04-05T06:45:32.210Z] [unzip] Processing entry: client/favicon.ico
[2025-04-05T06:45:32.210Z] [unzip] else mkdir: /root/.cache/firebase/emulators/ui-v1.14.0/client
[2025-04-05T06:45:32.210Z] [unzip] deflating: /root/.cache/firebase/emulators/ui-v1.14.0/client/favicon.ico
[2025-04-05T06:45:32.220Z] [unzip] Entry: client/index.html (compressed_size=1363 bytes, uncompressed_size=3071 bytes)
[2025-04-05T06:45:32.220Z] [unzip] Processing entry: client/index.html
[2025-04-05T06:45:32.220Z] [unzip] else mkdir: /root/.cache/firebase/emulators/ui-v1.14.0/client
[2025-04-05T06:45:32.220Z] [unzip] deflating: /root/.cache/firebase/emulators/ui-v1.14.0/client/index.html
[2025-04-05T06:45:32.234Z] [unzip] Entry: client/android-chrome-192x192.png (compressed_size=2684 bytes, uncompressed_size=2684 bytes)
[2025-04-05T06:45:32.234Z] [unzip] Processing entry: client/android-chrome-192x192.png
[2025-04-05T06:45:32.234Z] [unzip] else mkdir: /root/.cache/firebase/emulators/ui-v1.14.0/client
[2025-04-05T06:45:32.239Z] [unzip] Writing file: /root/.cache/firebase/emulators/ui-v1.14.0/client/android-chrome-192x192.png
[2025-04-05T06:45:32.239Z] [unzip] Entry: client/apple-touch-icon.png (compressed_size=2123 bytes, uncompressed_size=2152 bytes)
[2025-04-05T06:45:32.239Z] [unzip] Processing entry: client/apple-touch-icon.png
[2025-04-05T06:45:32.239Z] [unzip] else mkdir: /root/.cache/firebase/emulators/ui-v1.14.0/client
[2025-04-05T06:45:32.240Z] [unzip] deflating: /root/.cache/firebase/emulators/ui-v1.14.0/client/apple-touch-icon.png
[2025-04-05T06:45:32.247Z] [unzip] Entry: client/android-chrome-512x512.png (compressed_size=5369 bytes, uncompressed_size=5411 bytes)
[2025-04-05T06:45:32.252Z] [unzip] Processing entry: client/android-chrome-512x512.png
[2025-04-05T06:45:32.252Z] [unzip] else mkdir: /root/.cache/firebase/emulators/ui-v1.14.0/client
[2025-04-05T06:45:32.252Z] [unzip] deflating: /root/.cache/firebase/emulators/ui-v1.14.0/client/android-chrome-512x512.png
[2025-04-05T06:45:32.253Z] [unzip] Entry: client/manifest.json (compressed_size=245 bytes, uncompressed_size=551 bytes)
[2025-04-05T06:45:32.253Z] [unzip] Processing entry: client/manifest.json
[2025-04-05T06:45:32.254Z] [unzip] else mkdir: /root/.cache/firebase/emulators/ui-v1.14.0/client
[2025-04-05T06:45:32.254Z] [unzip] deflating: /root/.cache/firebase/emulators/ui-v1.14.0/client/manifest.json
[2025-04-05T06:45:32.255Z] [unzip] Entry: client/robots.txt (compressed_size=26 bytes, uncompressed_size=26 bytes)
[2025-04-05T06:45:32.255Z] [unzip] Processing entry: client/robots.txt
[2025-04-05T06:45:32.255Z] [unzip] else mkdir: /root/.cache/firebase/emulators/ui-v1.14.0/client
[2025-04-05T06:45:32.255Z] [unzip] Writing file: /root/.cache/firebase/emulators/ui-v1.14.0/client/robots.txt
[2025-04-05T06:45:32.256Z] [unzip] Entry: client/mstile-150x150.png (compressed_size=2034 bytes, uncompressed_size=2034 bytes)
[2025-04-05T06:45:32.256Z] [unzip] Processing entry: client/mstile-150x150.png
[2025-04-05T06:45:32.256Z] [unzip] else mkdir: /root/.cache/firebase/emulators/ui-v1.14.0/client
[2025-04-05T06:45:32.256Z] [unzip] Writing file: /root/.cache/firebase/emulators/ui-v1.14.0/client/mstile-150x150.png
[2025-04-05T06:45:32.257Z] [unzip] Entry: client/assets/ (compressed_size=0 bytes, uncompressed_size=0 bytes)
[2025-04-05T06:45:32.257Z] [unzip] Processing entry: client/assets/
[2025-04-05T06:45:32.257Z] [unzip] mkdir: /root/.cache/firebase/emulators/ui-v1.14.0/client/assets/
[2025-04-05T06:45:32.257Z] [unzip] Entry: client/assets/index-ClZTY_JS.js.map (compressed_size=2328270 bytes, uncompressed_size=9947004 bytes)
[2025-04-05T06:45:32.257Z] [unzip] Processing entry: client/assets/index-ClZTY_JS.js.map
[2025-04-05T06:45:32.257Z] [unzip] else mkdir: /root/.cache/firebase/emulators/ui-v1.14.0/client/assets
[2025-04-05T06:45:32.257Z] [unzip] deflating: /root/.cache/firebase/emulators/ui-v1.14.0/client/assets/index-ClZTY_JS.js.map
[2025-04-05T06:45:32.325Z] [unzip] Entry: client/assets/index-ClZTY_JS.js (compressed_size=567195 bytes, uncompressed_size=2035940 bytes)
[2025-04-05T06:45:32.325Z] [unzip] Processing entry: client/assets/index-ClZTY_JS.js
[2025-04-05T06:45:32.325Z] [unzip] else mkdir: /root/.cache/firebase/emulators/ui-v1.14.0/client/assets
[2025-04-05T06:45:32.325Z] [unzip] deflating: /root/.cache/firebase/emulators/ui-v1.14.0/client/assets/index-ClZTY_JS.js
[2025-04-05T06:45:32.385Z] [unzip] Entry: client/assets/index-BdgySamB.css (compressed_size=35979 bytes, uncompressed_size=298654 bytes)
[2025-04-05T06:45:32.386Z] [unzip] Processing entry: client/assets/index-BdgySamB.css
[2025-04-05T06:45:32.386Z] [unzip] else mkdir: /root/.cache/firebase/emulators/ui-v1.14.0/client/assets
[2025-04-05T06:45:32.390Z] [unzip] deflating: /root/.cache/firebase/emulators/ui-v1.14.0/client/assets/index-BdgySamB.css
[2025-04-05T06:45:32.415Z] [unzip] Entry: client/assets/extensions/ (compressed_size=0 bytes, uncompressed_size=0 bytes)
[2025-04-05T06:45:32.415Z] [unzip] Processing entry: client/assets/extensions/
[2025-04-05T06:45:32.415Z] [unzip] mkdir: /root/.cache/firebase/emulators/ui-v1.14.0/client/assets/extensions/
[2025-04-05T06:45:32.416Z] [unzip] Entry: client/assets/extensions/default-extension.png (compressed_size=1646 bytes, uncompressed_size=1657 bytes)
[2025-04-05T06:45:32.416Z] [unzip] Processing entry: client/assets/extensions/default-extension.png
[2025-04-05T06:45:32.417Z] [unzip] else mkdir: /root/.cache/firebase/emulators/ui-v1.14.0/client/assets/extensions
[2025-04-05T06:45:32.417Z] [unzip] deflating: /root/.cache/firebase/emulators/ui-v1.14.0/client/assets/extensions/default-extension.png
[2025-04-05T06:45:32.418Z] [unzip] Entry: client/assets/img/ (compressed_size=0 bytes, uncompressed_size=0 bytes)
[2025-04-05T06:45:32.418Z] [unzip] Processing entry: client/assets/img/
[2025-04-05T06:45:32.418Z] [unzip] mkdir: /root/.cache/firebase/emulators/ui-v1.14.0/client/assets/img/
[2025-04-05T06:45:32.418Z] [unzip] Entry: client/assets/img/database.png (compressed_size=29449 bytes, uncompressed_size=29988 bytes)
[2025-04-05T06:45:32.418Z] [unzip] Processing entry: client/assets/img/database.png
[2025-04-05T06:45:32.418Z] [unzip] else mkdir: /root/.cache/firebase/emulators/ui-v1.14.0/client/assets/img
[2025-04-05T06:45:32.419Z] [unzip] deflating: /root/.cache/firebase/emulators/ui-v1.14.0/client/assets/img/database.png
[2025-04-05T06:45:32.419Z] [unzip] Entry: client/assets/provider-icons/ (compressed_size=0 bytes, uncompressed_size=0 bytes)
[2025-04-05T06:45:32.420Z] [unzip] Processing entry: client/assets/provider-icons/
[2025-04-05T06:45:32.420Z] [unzip] mkdir: /root/.cache/firebase/emulators/ui-v1.14.0/client/assets/provider-icons/
[2025-04-05T06:45:32.420Z] [unzip] Entry: client/assets/provider-icons/auth_service_saml.svg (compressed_size=575 bytes, uncompressed_size=1226 bytes)
[2025-04-05T06:45:32.420Z] [unzip] Processing entry: client/assets/provider-icons/auth_service_saml.svg
[2025-04-05T06:45:32.420Z] [unzip] else mkdir: /root/.cache/firebase/emulators/ui-v1.14.0/client/assets/provider-icons
[2025-04-05T06:45:32.420Z] [unzip] deflating: /root/.cache/firebase/emulators/ui-v1.14.0/client/assets/provider-icons/auth_service_saml.svg
[2025-04-05T06:45:32.421Z] [unzip] Entry: client/assets/provider-icons/auth_service_phone.svg (compressed_size=261 bytes, uncompressed_size=414 bytes)
[2025-04-05T06:45:32.421Z] [unzip] Processing entry: client/assets/provider-icons/auth_service_phone.svg
[2025-04-05T06:45:32.421Z] [unzip] else mkdir: /root/.cache/firebase/emulators/ui-v1.14.0/client/assets/provider-icons
[2025-04-05T06:45:32.421Z] [unzip] deflating: /root/.cache/firebase/emulators/ui-v1.14.0/client/assets/provider-icons/auth_service_phone.svg
[2025-04-05T06:45:32.422Z] [unzip] Entry: client/assets/provider-icons/auth_service_facebook.svg (compressed_size=289 bytes, uncompressed_size=457 bytes)
[2025-04-05T06:45:32.422Z] [unzip] Processing entry: client/assets/provider-icons/auth_service_facebook.svg
[2025-04-05T06:45:32.422Z] [unzip] else mkdir: /root/.cache/firebase/emulators/ui-v1.14.0/client/assets/provider-icons
[2025-04-05T06:45:32.423Z] [unzip] deflating: /root/.cache/firebase/emulators/ui-v1.14.0/client/assets/provider-icons/auth_service_facebook.svg
[2025-04-05T06:45:32.423Z] [unzip] Entry: client/assets/provider-icons/auth_service_game_center.svg (compressed_size=991 bytes, uncompressed_size=3921 bytes)
[2025-04-05T06:45:32.423Z] [unzip] Processing entry: client/assets/provider-icons/auth_service_game_center.svg
[2025-04-05T06:45:32.423Z] [unzip] else mkdir: /root/.cache/firebase/emulators/ui-v1.14.0/client/assets/provider-icons
[2025-04-05T06:45:32.424Z] [unzip] deflating: /root/.cache/firebase/emulators/ui-v1.14.0/client/assets/provider-icons/auth_service_game_center.svg
[2025-04-05T06:45:32.424Z] [unzip] Entry: client/assets/provider-icons/auth_service_apple.svg (compressed_size=230 bytes, uncompressed_size=334 bytes)
[2025-04-05T06:45:32.424Z] [unzip] Processing entry: client/assets/provider-icons/auth_service_apple.svg
[2025-04-05T06:45:32.425Z] [unzip] else mkdir: /root/.cache/firebase/emulators/ui-v1.14.0/client/assets/provider-icons
[2025-04-05T06:45:32.425Z] [unzip] deflating: /root/.cache/firebase/emulators/ui-v1.14.0/client/assets/provider-icons/auth_service_apple.svg
[2025-04-05T06:45:32.426Z] [unzip] Entry: client/assets/provider-icons/auth_service_github.svg (compressed_size=466 bytes, uncompressed_size=838 bytes)
[2025-04-05T06:45:32.426Z] [unzip] Processing entry: client/assets/provider-icons/auth_service_github.svg
[2025-04-05T06:45:32.426Z] [unzip] else mkdir: /root/.cache/firebase/emulators/ui-v1.14.0/client/assets/provider-icons
[2025-04-05T06:45:32.426Z] [unzip] deflating: /root/.cache/firebase/emulators/ui-v1.14.0/client/assets/provider-icons/auth_service_github.svg
[2025-04-05T06:45:32.427Z] [unzip] Entry: client/assets/provider-icons/auth_service_mslive.svg (compressed_size=203 bytes, uncompressed_size=378 bytes)
[2025-04-05T06:45:32.427Z] [unzip] Processing entry: client/assets/provider-icons/auth_service_mslive.svg
[2025-04-05T06:45:32.427Z] [unzip] else mkdir: /root/.cache/firebase/emulators/ui-v1.14.0/client/assets/provider-icons
[2025-04-05T06:45:32.427Z] [unzip] deflating: /root/.cache/firebase/emulators/ui-v1.14.0/client/assets/provider-icons/auth_service_mslive.svg
[2025-04-05T06:45:32.428Z] [unzip] Entry: client/assets/provider-icons/auth_service_yahoo.svg (compressed_size=577 bytes, uncompressed_size=1182 bytes)
[2025-04-05T06:45:32.428Z] [unzip] Processing entry: client/assets/provider-icons/auth_service_yahoo.svg
[2025-04-05T06:45:32.428Z] [unzip] else mkdir: /root/.cache/firebase/emulators/ui-v1.14.0/client/assets/provider-icons
[2025-04-05T06:45:32.429Z] [unzip] deflating: /root/.cache/firebase/emulators/ui-v1.14.0/client/assets/provider-icons/auth_service_yahoo.svg
[2025-04-05T06:45:32.429Z] [unzip] Entry: client/assets/provider-icons/auth_service_twitter.svg (compressed_size=444 bytes, uncompressed_size=751 bytes)
[2025-04-05T06:45:32.430Z] [unzip] Processing entry: client/assets/provider-icons/auth_service_twitter.svg
[2025-04-05T06:45:32.430Z] [unzip] else mkdir: /root/.cache/firebase/emulators/ui-v1.14.0/client/assets/provider-icons
[2025-04-05T06:45:32.430Z] [unzip] deflating: /root/.cache/firebase/emulators/ui-v1.14.0/client/assets/provider-icons/auth_service_twitter.svg
[2025-04-05T06:45:32.431Z] [unzip] Entry: client/assets/provider-icons/auth_service_play_games.svg (compressed_size=565 bytes, uncompressed_size=1173 bytes)
[2025-04-05T06:45:32.431Z] [unzip] Processing entry: client/assets/provider-icons/auth_service_play_games.svg
[2025-04-05T06:45:32.431Z] [unzip] else mkdir: /root/.cache/firebase/emulators/ui-v1.14.0/client/assets/provider-icons
[2025-04-05T06:45:32.431Z] [unzip] deflating: /root/.cache/firebase/emulators/ui-v1.14.0/client/assets/provider-icons/auth_service_play_games.svg
[2025-04-05T06:45:32.432Z] [unzip] Entry: client/assets/provider-icons/auth_service_email.svg (compressed_size=228 bytes, uncompressed_size=326 bytes)
[2025-04-05T06:45:32.432Z] [unzip] Processing entry: client/assets/provider-icons/auth_service_email.svg
[2025-04-05T06:45:32.432Z] [unzip] else mkdir: /root/.cache/firebase/emulators/ui-v1.14.0/client/assets/provider-icons
[2025-04-05T06:45:32.432Z] [unzip] deflating: /root/.cache/firebase/emulators/ui-v1.14.0/client/assets/provider-icons/auth_service_email.svg
[2025-04-05T06:45:32.433Z] [unzip] Entry: client/assets/provider-icons/auth_service_google.svg (compressed_size=409 bytes, uncompressed_size=720 bytes)
[2025-04-05T06:45:32.433Z] [unzip] Processing entry: client/assets/provider-icons/auth_service_google.svg
[2025-04-05T06:45:32.433Z] [unzip] else mkdir: /root/.cache/firebase/emulators/ui-v1.14.0/client/assets/provider-icons
[2025-04-05T06:45:32.433Z] [unzip] deflating: /root/.cache/firebase/emulators/ui-v1.14.0/client/assets/provider-icons/auth_service_google.svg
[2025-04-05T06:45:32.434Z] [unzip] Entry: client/assets/provider-icons/auth_service_oidc.svg (compressed_size=414 bytes, uncompressed_size=858 bytes)
[2025-04-05T06:45:32.434Z] [unzip] Processing entry: client/assets/provider-icons/auth_service_oidc.svg
[2025-04-05T06:45:32.434Z] [unzip] else mkdir: /root/.cache/firebase/emulators/ui-v1.14.0/client/assets/provider-icons
[2025-04-05T06:45:32.434Z] [unzip] deflating: /root/.cache/firebase/emulators/ui-v1.14.0/client/assets/provider-icons/auth_service_oidc.svg
[2025-04-05T06:45:32.435Z] [unzip] Entry: client/browserconfig.xml (compressed_size=491 bytes, uncompressed_size=822 bytes)
[2025-04-05T06:45:32.436Z] [unzip] Processing entry: client/browserconfig.xml
[2025-04-05T06:45:32.436Z] [unzip] else mkdir: /root/.cache/firebase/emulators/ui-v1.14.0/client
[2025-04-05T06:45:32.437Z] [unzip] deflating: /root/.cache/firebase/emulators/ui-v1.14.0/client/browserconfig.xml
[2025-04-05T06:45:32.438Z] [unzip] Entry: client/favicon-32x32.png (compressed_size=475 bytes, uncompressed_size=475 bytes)
[2025-04-05T06:45:32.438Z] [unzip] Processing entry: client/favicon-32x32.png
[2025-04-05T06:45:32.438Z] [unzip] else mkdir: /root/.cache/firebase/emulators/ui-v1.14.0/client
[2025-04-05T06:45:32.438Z] [unzip] Writing file: /root/.cache/firebase/emulators/ui-v1.14.0/client/favicon-32x32.png
[2025-04-05T06:45:32.439Z] [unzip] Entry: server/ (compressed_size=0 bytes, uncompressed_size=0 bytes)
[2025-04-05T06:45:32.439Z] [unzip] Processing entry: server/
[2025-04-05T06:45:32.439Z] [unzip] mkdir: /root/.cache/firebase/emulators/ui-v1.14.0/server/
[2025-04-05T06:45:32.439Z] [unzip] Entry: server/server.mjs.map (compressed_size=296496 bytes, uncompressed_size=1355667 bytes)
[2025-04-05T06:45:32.439Z] [unzip] Processing entry: server/server.mjs.map
[2025-04-05T06:45:32.440Z] [unzip] else mkdir: /root/.cache/firebase/emulators/ui-v1.14.0/server
[2025-04-05T06:45:32.441Z] [unzip] deflating: /root/.cache/firebase/emulators/ui-v1.14.0/server/server.mjs.map
[2025-04-05T06:45:32.451Z] [unzip] Entry: server/server.mjs (compressed_size=315701 bytes, uncompressed_size=1172682 bytes)
[2025-04-05T06:45:32.451Z] [unzip] Processing entry: server/server.mjs
[2025-04-05T06:45:32.451Z] [unzip] else mkdir: /root/.cache/firebase/emulators/ui-v1.14.0/server
[2025-04-05T06:45:32.452Z] [unzip] deflating: /root/.cache/firebase/emulators/ui-v1.14.0/server/server.mjs
[2025-04-05T06:45:32.460Z] [unzip] Entry: server/assets/ (compressed_size=0 bytes, uncompressed_size=0 bytes)
[2025-04-05T06:45:32.461Z] [unzip] Processing entry: server/assets/
[2025-04-05T06:45:32.461Z] [unzip] mkdir: /root/.cache/firebase/emulators/ui-v1.14.0/server/assets/
[2025-04-05T06:45:32.461Z] [unzip] Entry: server/assets/multipart-parser-DGCUZdXu.mjs.map (compressed_size=4791 bytes, uncompressed_size=17918 bytes)
[2025-04-05T06:45:32.461Z] [unzip] Processing entry: server/assets/multipart-parser-DGCUZdXu.mjs.map
[2025-04-05T06:45:32.462Z] [unzip] else mkdir: /root/.cache/firebase/emulators/ui-v1.14.0/server/assets
[2025-04-05T06:45:32.462Z] [unzip] deflating: /root/.cache/firebase/emulators/ui-v1.14.0/server/assets/multipart-parser-DGCUZdXu.mjs.map
[2025-04-05T06:45:32.463Z] [unzip] Entry: server/assets/multipart-parser-DGCUZdXu.mjs (compressed_size=2621 bytes, uncompressed_size=10390 bytes)
[2025-04-05T06:45:32.464Z] [unzip] Processing entry: server/assets/multipart-parser-DGCUZdXu.mjs
[2025-04-05T06:45:32.464Z] [unzip] else mkdir: /root/.cache/firebase/emulators/ui-v1.14.0/server/assets
[2025-04-05T06:45:32.465Z] [unzip] deflating: /root/.cache/firebase/emulators/ui-v1.14.0/server/assets/multipart-parser-DGCUZdXu.mjs
[2025-04-05T06:45:32.475Z] Could not find VSCode notification endpoint: FetchError: request to http://localhost:40001/vscode/notify failed, reason: . If you are not running the Firebase Data Connect VSCode extension, this is expected and not an issue.

┌─────────────────────────────────────────────────────────────┐
│ ✔  All emulators ready! It is now safe to connect your app. │
│ i  View Emulator UI at http://127.0.0.1:4000/               │
└─────────────────────────────────────────────────────────────┘

┌────────────────┬──────────────┬─────────────────────────────────┐
│ Emulator       │ Host:Port    │ View in Emulator UI             │
├────────────────┼──────────────┼─────────────────────────────────┤
│ Authentication │ 0.0.0.0:9099 │ http://127.0.0.1:4000/auth      │
├────────────────┼──────────────┼─────────────────────────────────┤
│ Firestore      │ 0.0.0.0:8080 │ http://127.0.0.1:4000/firestore │
├────────────────┼──────────────┼─────────────────────────────────┤
│ Pub/Sub        │ 0.0.0.0:8085 │ n/a                             │
├────────────────┼──────────────┼─────────────────────────────────┤
│ Storage        │ 0.0.0.0:9199 │ http://127.0.0.1:4000/storage   │
└────────────────┴──────────────┴─────────────────────────────────┘
  Emulator Hub host: 127.0.0.1 port: 4400
  Other reserved ports: 4500, 9150

Issues? Report them at https://github.com/firebase/firebase-tools/issues and attach the *-debug.log files.
 
